<?xml version="1.0" encoding="UTF-8"?>
<!-- Generated by org.testng.reporters.JUnitReportReporter -->
<testsuite skipped="0" hostname="DESKTOP-U7GOGIJ" name="com.qa.crm.testcases.LoginPageTest" tests="2" failures="0" timestamp="21 Jun 2021 18:20:40 GMT" time="115.780" errors="0">
  <testcase name="LoginPageTitlePage" time="46.892" classname="com.qa.crm.testcases.LoginPageTest"/>
  <testcase name="loginTest" time="68.888" classname="com.qa.crm.testcases.LoginPageTest"/>
</testsuite> <!-- com.qa.crm.testcases.LoginPageTest -->
