<?xml version="1.0" encoding="UTF-8"?>
<!-- Generated by org.testng.reporters.JUnitReportReporter -->
<testsuite skipped="0" hostname="DESKTOP-U7GOGIJ" name="com.qa.crm.testcases.HomePageTest" tests="1" failures="0" timestamp="05 Apr 2021 06:22:01 GMT" time="29.618" errors="0">
  <testcase name="verifyHomePage" time="29.618" classname="com.qa.crm.testcases.HomePageTest"/>
</testsuite> <!-- com.qa.crm.testcases.HomePageTest -->
